INFO    : Building target web
INFO    : XSL conversion of C:\Users\mcalister_e\Desktop\Pretext_repositories\Math121Fall2025\source\main.ptx by C:\Users\mcalister_e\.ptx\2.18.0\core\xsl\utilities\pretext-enhanced-source.xsl
INFO    : successful application of C:\Users\mcalister_e\.ptx\2.18.0\core\xsl\utilities\pretext-enhanced-source.xsl
INFO    : Generating any needed assets.
INFO    : XSL conversion of C:\Users\mcalister_e\Desktop\Pretext_repositories\Math121Fall2025\source\main.ptx by C:\Users\mcalister_e\.ptx\2.18.0\core\xsl\utilities\pretext-enhanced-source.xsl
INFO    : successful application of C:\Users\mcalister_e\.ptx\2.18.0\core\xsl\utilities\pretext-enhanced-source.xsl
INFO    : XSL conversion of C:\Users\mcalister_e\Desktop\Pretext_repositories\Math121Fall2025\source\main.ptx by C:\Users\mcalister_e\.ptx\2.18.0\core\xsl\utilities\pretext-enhanced-source.xsl
INFO    : successful application of C:\Users\mcalister_e\.ptx\2.18.0\core\xsl\utilities\pretext-enhanced-source.xsl
INFO    : XSL conversion of C:\Users\mcalister_e\Desktop\Pretext_repositories\Math121Fall2025\source\main.ptx by C:\Users\mcalister_e\.ptx\2.18.0\core\xsl\utilities\pretext-enhanced-source.xsl
INFO    : successful application of C:\Users\mcalister_e\.ptx\2.18.0\core\xsl\utilities\pretext-enhanced-source.xsl
INFO    : XSL conversion of C:\Users\mcalister_e\Desktop\Pretext_repositories\Math121Fall2025\source\main.ptx by C:\Users\mcalister_e\.ptx\2.18.0\core\xsl\utilities\pretext-enhanced-source.xsl
INFO    : successful application of C:\Users\mcalister_e\.ptx\2.18.0\core\xsl\utilities\pretext-enhanced-source.xsl
INFO    : XSL conversion of C:\Users\mcalister_e\Desktop\Pretext_repositories\Math121Fall2025\source\main.ptx by C:\Users\mcalister_e\.ptx\2.18.0\core\xsl\utilities\pretext-enhanced-source.xsl
INFO    : successful application of C:\Users\mcalister_e\.ptx\2.18.0\core\xsl\utilities\pretext-enhanced-source.xsl
INFO    : XSL conversion of C:\Users\mcalister_e\Desktop\Pretext_repositories\Math121Fall2025\source\main.ptx by C:\Users\mcalister_e\.ptx\2.18.0\core\xsl\utilities\pretext-enhanced-source.xsl
INFO    : successful application of C:\Users\mcalister_e\.ptx\2.18.0\core\xsl\utilities\pretext-enhanced-source.xsl
INFO    : XSL conversion of C:\Users\mcalister_e\Desktop\Pretext_repositories\Math121Fall2025\source\main.ptx by C:\Users\mcalister_e\.ptx\2.18.0\core\xsl\utilities\pretext-enhanced-source.xsl
INFO    : successful application of C:\Users\mcalister_e\.ptx\2.18.0\core\xsl\utilities\pretext-enhanced-source.xsl
INFO    : XSL conversion of C:\Users\mcalister_e\Desktop\Pretext_repositories\Math121Fall2025\source\main.ptx by C:\Users\mcalister_e\.ptx\2.18.0\core\xsl\utilities\pretext-enhanced-source.xsl
INFO    : successful application of C:\Users\mcalister_e\.ptx\2.18.0\core\xsl\utilities\pretext-enhanced-source.xsl
INFO    : XSL conversion of C:\Users\mcalister_e\Desktop\Pretext_repositories\Math121Fall2025\source\main.ptx by C:\Users\mcalister_e\.ptx\2.18.0\core\xsl\utilities\pretext-enhanced-source.xsl
INFO    : successful application of C:\Users\mcalister_e\.ptx\2.18.0\core\xsl\utilities\pretext-enhanced-source.xsl
INFO    : XSL conversion of C:\Users\mcalister_e\Desktop\Pretext_repositories\Math121Fall2025\source\main.ptx by C:\Users\mcalister_e\.ptx\2.18.0\core\xsl\utilities\pretext-enhanced-source.xsl
INFO    : successful application of C:\Users\mcalister_e\.ptx\2.18.0\core\xsl\utilities\pretext-enhanced-source.xsl
INFO    : XSL conversion of C:\Users\mcalister_e\Desktop\Pretext_repositories\Math121Fall2025\source\main.ptx by C:\Users\mcalister_e\.ptx\2.18.0\core\xsl\utilities\pretext-enhanced-source.xsl
INFO    : successful application of C:\Users\mcalister_e\.ptx\2.18.0\core\xsl\utilities\pretext-enhanced-source.xsl
INFO    : XSL conversion of C:\Users\mcalister_e\Desktop\Pretext_repositories\Math121Fall2025\source\main.ptx by C:\Users\mcalister_e\.ptx\2.18.0\core\xsl\utilities\pretext-enhanced-source.xsl
INFO    : successful application of C:\Users\mcalister_e\.ptx\2.18.0\core\xsl\utilities\pretext-enhanced-source.xsl
INFO    : XSL conversion of C:\Users\mcalister_e\Desktop\Pretext_repositories\Math121Fall2025\source\main.ptx by C:\Users\mcalister_e\.ptx\2.18.0\core\xsl\utilities\pretext-enhanced-source.xsl
INFO    : successful application of C:\Users\mcalister_e\.ptx\2.18.0\core\xsl\utilities\pretext-enhanced-source.xsl
INFO    : XSL conversion of C:\Users\mcalister_e\Desktop\Pretext_repositories\Math121Fall2025\source\main.ptx by C:\Users\mcalister_e\.ptx\2.18.0\core\xsl\utilities\pretext-enhanced-source.xsl
INFO    : successful application of C:\Users\mcalister_e\.ptx\2.18.0\core\xsl\utilities\pretext-enhanced-source.xsl
INFO    : Finished generating assets.

INFO    : Preparing to build into C:\Users\mcalister_e\Desktop\Pretext_repositories\Math121Fall2025\output\web.
INFO    : discovering source file's directory name: C:\Users\mcalister_e\Desktop\Pretext_repositories\Math121Fall2025\source
INFO    : verifying and expanding input directory: C:\Users\mcalister_e\Desktop\Pretext_repositories\Math121Fall2025\source\../generated-assets
INFO    : input directory expanded to absolute path: C:\Users\mcalister_e\Desktop\Pretext_repositories\Math121Fall2025\generated-assets
INFO    : verifying and expanding input directory: C:\Users\mcalister_e\Desktop\Pretext_repositories\Math121Fall2025\source\../assets
INFO    : input directory expanded to absolute path: C:\Users\mcalister_e\Desktop\Pretext_repositories\Math121Fall2025\assets
INFO    : XSL conversion of C:\Users\mcalister_e\Desktop\Pretext_repositories\Math121Fall2025\source\main.ptx by C:\Users\mcalister_e\.ptx\2.18.0\core\xsl\utilities\report-publisher-variables.xsl
INFO    : successful application of C:\Users\mcalister_e\.ptx\2.18.0\core\xsl\utilities\report-publisher-variables.xsl
INFO    : Downloading rs services file from https://runestone.academy/cdn/runestone/latest/webpack_static_imports.xml.
INFO    : Runestone Services via online CDN query: version 7.6.3
INFO    : Downloading Runestone Services, version 7.6.3
INFO    : Extracting Runestone Services from archive file
INFO    : Building custom css theme: theme-default-modern
INFO    : converting C:\Users\mcalister_e\Desktop\Pretext_repositories\Math121Fall2025\source\main.ptx to HTML in C:\Users\MCALIS~1\AppData\Local\Temp\ptx-9nogf23g
INFO    : XSL conversion of C:\Users\mcalister_e\Desktop\Pretext_repositories\Math121Fall2025\source\main.ptx by C:\Users\mcalister_e\.ptx\2.18.0\core\xsl\pretext-html.xsl
INFO    : messages from the log for XSL processing:
ERROR   : * PTX:ERROR: the @xml:id value "ch-syllabus" should be unique, but is authored multiple times.
INFO    : *            Results will be unpredictable, and likely incorrect.  Information on the locations follows:
INFO    : *              located within: "ch-syllabus" (xml:id), "Course Syllabus" (title)
INFO    : *              located within: "ch-syllabus" (xml:id), "Course Syllabus" (title)
ERROR   : * PTX:ERROR: the @xml:id value "course-info" should be unique, but is authored multiple times.
INFO    : *            Results will be unpredictable, and likely incorrect.  Information on the locations follows:
INFO    : *              located within: "course-info" (xml:id), "Course Information" (title)
INFO    : *              located within: "course-info" (xml:id), "Course Information" (title)
ERROR   : * PTX:ERROR: the @xml:id value "description" should be unique, but is authored multiple times.
INFO    : *            Results will be unpredictable, and likely incorrect.  Information on the locations follows:
INFO    : *              located within: "description" (xml:id), "Course Description" (title)
INFO    : *              located within: "description" (xml:id), "Course Description" (title)
ERROR   : * PTX:ERROR: the @xml:id value "grading" should be unique, but is authored multiple times.
INFO    : *            Results will be unpredictable, and likely incorrect.  Information on the locations follows:
INFO    : *              located within: "grading" (xml:id), "Grading" (title)
INFO    : *              located within: "grading" (xml:id), "Grading" (title)
INFO    : * PTX:INFO:   checking ONLY the last TWO YEARS of element deprecations.
Rerun with the string parameter "author.deprecations.all" set to "yes" to check your source against all deprecations.
ERROR   : * PTX:BUG:  development bug, new level does not match old level for "chapter"
INFO    : *              located within: "ch-syllabus" (xml:id), "Course Syllabus" (title)
ERROR   : * PTX:BUG:  development bug, new level does not match old level for "chapter"
INFO    : *              located within: "ch-syllabus" (xml:id), "Course Syllabus" (title)
ERROR   : * PTX:BUG:  development bug, new level does not match old level for "chapter"
INFO    : *              located within: "ch-syllabus" (xml:id), "Course Syllabus" (title)
ERROR   : * PTX:BUG:  development bug, new level does not match old level for "chapter"
INFO    : *              located within: "ch-syllabus" (xml:id), "Course Syllabus" (title)
INFO    : successful application of C:\Users\mcalister_e\.ptx\2.18.0\core\xsl\pretext-html.xsl
INFO    : Removing temporary directory C:\Users\MCALIS~1\AppData\Local\Temp\ptx-9nogf23g
INFO    : Removing temporary directory C:\Users\MCALIS~1\AppData\Local\Temp\ptx-qads0ozh
INFO    : 
Success! Run `pretext view web` to see the results.

INFO    : 
----------------------------------------------------
INFO    : While running pretext, the following errors occurred:

INFO    : (see log messages above or in the 'logs' folder for more information)
INFO    : ----------------------------------------------------
