INFO    : Building target web
INFO    : XSL conversion of C:\Users\mcalister_e\Desktop\Pretext_repositories\Math121Fall2025\source\main.ptx by C:\Users\mcalister_e\.ptx\2.18.0\core\xsl\utilities\pretext-enhanced-source.xsl
INFO    : successful application of C:\Users\mcalister_e\.ptx\2.18.0\core\xsl\utilities\pretext-enhanced-source.xsl
INFO    : Generating any needed assets.
INFO    : XSL conversion of C:\Users\mcalister_e\Desktop\Pretext_repositories\Math121Fall2025\source\main.ptx by C:\Users\mcalister_e\.ptx\2.18.0\core\xsl\utilities\pretext-enhanced-source.xsl
INFO    : successful application of C:\Users\mcalister_e\.ptx\2.18.0\core\xsl\utilities\pretext-enhanced-source.xsl
INFO    : XSL conversion of C:\Users\mcalister_e\Desktop\Pretext_repositories\Math121Fall2025\source\main.ptx by C:\Users\mcalister_e\.ptx\2.18.0\core\xsl\utilities\pretext-enhanced-source.xsl
INFO    : successful application of C:\Users\mcalister_e\.ptx\2.18.0\core\xsl\utilities\pretext-enhanced-source.xsl
INFO    : XSL conversion of C:\Users\mcalister_e\Desktop\Pretext_repositories\Math121Fall2025\source\main.ptx by C:\Users\mcalister_e\.ptx\2.18.0\core\xsl\utilities\pretext-enhanced-source.xsl
INFO    : successful application of C:\Users\mcalister_e\.ptx\2.18.0\core\xsl\utilities\pretext-enhanced-source.xsl
INFO    : XSL conversion of C:\Users\mcalister_e\Desktop\Pretext_repositories\Math121Fall2025\source\main.ptx by C:\Users\mcalister_e\.ptx\2.18.0\core\xsl\utilities\pretext-enhanced-source.xsl
INFO    : successful application of C:\Users\mcalister_e\.ptx\2.18.0\core\xsl\utilities\pretext-enhanced-source.xsl
INFO    : XSL conversion of C:\Users\mcalister_e\Desktop\Pretext_repositories\Math121Fall2025\source\main.ptx by C:\Users\mcalister_e\.ptx\2.18.0\core\xsl\utilities\pretext-enhanced-source.xsl
INFO    : successful application of C:\Users\mcalister_e\.ptx\2.18.0\core\xsl\utilities\pretext-enhanced-source.xsl
INFO    : XSL conversion of C:\Users\mcalister_e\Desktop\Pretext_repositories\Math121Fall2025\source\main.ptx by C:\Users\mcalister_e\.ptx\2.18.0\core\xsl\utilities\pretext-enhanced-source.xsl
INFO    : successful application of C:\Users\mcalister_e\.ptx\2.18.0\core\xsl\utilities\pretext-enhanced-source.xsl
INFO    : XSL conversion of C:\Users\mcalister_e\Desktop\Pretext_repositories\Math121Fall2025\source\main.ptx by C:\Users\mcalister_e\.ptx\2.18.0\core\xsl\utilities\pretext-enhanced-source.xsl
INFO    : successful application of C:\Users\mcalister_e\.ptx\2.18.0\core\xsl\utilities\pretext-enhanced-source.xsl
INFO    : XSL conversion of C:\Users\mcalister_e\Desktop\Pretext_repositories\Math121Fall2025\source\main.ptx by C:\Users\mcalister_e\.ptx\2.18.0\core\xsl\utilities\pretext-enhanced-source.xsl
INFO    : successful application of C:\Users\mcalister_e\.ptx\2.18.0\core\xsl\utilities\pretext-enhanced-source.xsl
INFO    : XSL conversion of C:\Users\mcalister_e\Desktop\Pretext_repositories\Math121Fall2025\source\main.ptx by C:\Users\mcalister_e\.ptx\2.18.0\core\xsl\utilities\pretext-enhanced-source.xsl
INFO    : successful application of C:\Users\mcalister_e\.ptx\2.18.0\core\xsl\utilities\pretext-enhanced-source.xsl
INFO    : XSL conversion of C:\Users\mcalister_e\Desktop\Pretext_repositories\Math121Fall2025\source\main.ptx by C:\Users\mcalister_e\.ptx\2.18.0\core\xsl\utilities\pretext-enhanced-source.xsl
INFO    : successful application of C:\Users\mcalister_e\.ptx\2.18.0\core\xsl\utilities\pretext-enhanced-source.xsl
INFO    : XSL conversion of C:\Users\mcalister_e\Desktop\Pretext_repositories\Math121Fall2025\source\main.ptx by C:\Users\mcalister_e\.ptx\2.18.0\core\xsl\utilities\pretext-enhanced-source.xsl
INFO    : successful application of C:\Users\mcalister_e\.ptx\2.18.0\core\xsl\utilities\pretext-enhanced-source.xsl
INFO    : XSL conversion of C:\Users\mcalister_e\Desktop\Pretext_repositories\Math121Fall2025\source\main.ptx by C:\Users\mcalister_e\.ptx\2.18.0\core\xsl\utilities\pretext-enhanced-source.xsl
INFO    : successful application of C:\Users\mcalister_e\.ptx\2.18.0\core\xsl\utilities\pretext-enhanced-source.xsl
INFO    : XSL conversion of C:\Users\mcalister_e\Desktop\Pretext_repositories\Math121Fall2025\source\main.ptx by C:\Users\mcalister_e\.ptx\2.18.0\core\xsl\utilities\pretext-enhanced-source.xsl
INFO    : successful application of C:\Users\mcalister_e\.ptx\2.18.0\core\xsl\utilities\pretext-enhanced-source.xsl
INFO    : XSL conversion of C:\Users\mcalister_e\Desktop\Pretext_repositories\Math121Fall2025\source\main.ptx by C:\Users\mcalister_e\.ptx\2.18.0\core\xsl\utilities\pretext-enhanced-source.xsl
INFO    : successful application of C:\Users\mcalister_e\.ptx\2.18.0\core\xsl\utilities\pretext-enhanced-source.xsl
INFO    : Finished generating assets.

INFO    : Preparing to build into C:\Users\mcalister_e\Desktop\Pretext_repositories\Math121Fall2025\output\web.
INFO    : discovering source file's directory name: C:\Users\mcalister_e\Desktop\Pretext_repositories\Math121Fall2025\source
INFO    : verifying and expanding input directory: C:\Users\mcalister_e\Desktop\Pretext_repositories\Math121Fall2025\source\../generated-assets
INFO    : input directory expanded to absolute path: C:\Users\mcalister_e\Desktop\Pretext_repositories\Math121Fall2025\generated-assets
INFO    : verifying and expanding input directory: C:\Users\mcalister_e\Desktop\Pretext_repositories\Math121Fall2025\source\../assets
INFO    : input directory expanded to absolute path: C:\Users\mcalister_e\Desktop\Pretext_repositories\Math121Fall2025\assets
INFO    : XSL conversion of C:\Users\mcalister_e\Desktop\Pretext_repositories\Math121Fall2025\source\main.ptx by C:\Users\mcalister_e\.ptx\2.18.0\core\xsl\utilities\report-publisher-variables.xsl
INFO    : successful application of C:\Users\mcalister_e\.ptx\2.18.0\core\xsl\utilities\report-publisher-variables.xsl
INFO    : Downloading rs services file from https://runestone.academy/cdn/runestone/latest/webpack_static_imports.xml.
INFO    : Runestone Services via online CDN query: version 7.6.4
INFO    : Downloading Runestone Services, version 7.6.4
INFO    : Extracting Runestone Services from archive file
INFO    : Building custom css theme: theme-salem
INFO    : converting C:\Users\mcalister_e\Desktop\Pretext_repositories\Math121Fall2025\source\main.ptx to HTML in C:\Users\MCALIS~1\AppData\Local\Temp\ptx-l0d30bd2
INFO    : XSL conversion of C:\Users\mcalister_e\Desktop\Pretext_repositories\Math121Fall2025\source\main.ptx by C:\Users\mcalister_e\.ptx\2.18.0\core\xsl\pretext-html.xsl
INFO    : messages from the log for XSL processing:
INFO    : * PTX:INFO:   checking ONLY the last TWO YEARS of element deprecations.
Rerun with the string parameter "author.deprecations.all" set to "yes" to check your source against all deprecations.
INFO    : successful application of C:\Users\mcalister_e\.ptx\2.18.0\core\xsl\pretext-html.xsl
INFO    : Removing temporary directory C:\Users\MCALIS~1\AppData\Local\Temp\ptx-l0d30bd2
INFO    : Removing temporary directory C:\Users\MCALIS~1\AppData\Local\Temp\ptx-qthyvn92
INFO    : 
Success! Run `pretext view web` to see the results.

INFO    : 
