INFO    : Building target web
INFO    : XSL conversion of C:\Users\mcalister_e\Desktop\Pretext_repositories\Math121Fall2025\source\main.ptx by C:\Users\mcalister_e\.ptx\2.18.0\core\xsl\utilities\pretext-enhanced-source.xsl
INFO    : successful application of C:\Users\mcalister_e\.ptx\2.18.0\core\xsl\utilities\pretext-enhanced-source.xsl
INFO    : Generating any needed assets.
INFO    : XSL conversion of C:\Users\mcalister_e\Desktop\Pretext_repositories\Math121Fall2025\source\main.ptx by C:\Users\mcalister_e\.ptx\2.18.0\core\xsl\utilities\pretext-enhanced-source.xsl
INFO    : successful application of C:\Users\mcalister_e\.ptx\2.18.0\core\xsl\utilities\pretext-enhanced-source.xsl
INFO    : XSL conversion of C:\Users\mcalister_e\Desktop\Pretext_repositories\Math121Fall2025\source\main.ptx by C:\Users\mcalister_e\.ptx\2.18.0\core\xsl\utilities\pretext-enhanced-source.xsl
INFO    : successful application of C:\Users\mcalister_e\.ptx\2.18.0\core\xsl\utilities\pretext-enhanced-source.xsl
INFO    : XSL conversion of C:\Users\mcalister_e\Desktop\Pretext_repositories\Math121Fall2025\source\main.ptx by C:\Users\mcalister_e\.ptx\2.18.0\core\xsl\utilities\pretext-enhanced-source.xsl
INFO    : successful application of C:\Users\mcalister_e\.ptx\2.18.0\core\xsl\utilities\pretext-enhanced-source.xsl
INFO    : XSL conversion of C:\Users\mcalister_e\Desktop\Pretext_repositories\Math121Fall2025\source\main.ptx by C:\Users\mcalister_e\.ptx\2.18.0\core\xsl\utilities\pretext-enhanced-source.xsl
INFO    : successful application of C:\Users\mcalister_e\.ptx\2.18.0\core\xsl\utilities\pretext-enhanced-source.xsl
INFO    : XSL conversion of C:\Users\mcalister_e\Desktop\Pretext_repositories\Math121Fall2025\source\main.ptx by C:\Users\mcalister_e\.ptx\2.18.0\core\xsl\utilities\pretext-enhanced-source.xsl
INFO    : successful application of C:\Users\mcalister_e\.ptx\2.18.0\core\xsl\utilities\pretext-enhanced-source.xsl
INFO    : XSL conversion of C:\Users\mcalister_e\Desktop\Pretext_repositories\Math121Fall2025\source\main.ptx by C:\Users\mcalister_e\.ptx\2.18.0\core\xsl\utilities\pretext-enhanced-source.xsl
INFO    : successful application of C:\Users\mcalister_e\.ptx\2.18.0\core\xsl\utilities\pretext-enhanced-source.xsl
INFO    : XSL conversion of C:\Users\mcalister_e\Desktop\Pretext_repositories\Math121Fall2025\source\main.ptx by C:\Users\mcalister_e\.ptx\2.18.0\core\xsl\utilities\pretext-enhanced-source.xsl
INFO    : successful application of C:\Users\mcalister_e\.ptx\2.18.0\core\xsl\utilities\pretext-enhanced-source.xsl
INFO    : XSL conversion of C:\Users\mcalister_e\Desktop\Pretext_repositories\Math121Fall2025\source\main.ptx by C:\Users\mcalister_e\.ptx\2.18.0\core\xsl\utilities\pretext-enhanced-source.xsl
INFO    : successful application of C:\Users\mcalister_e\.ptx\2.18.0\core\xsl\utilities\pretext-enhanced-source.xsl
INFO    : XSL conversion of C:\Users\mcalister_e\Desktop\Pretext_repositories\Math121Fall2025\source\main.ptx by C:\Users\mcalister_e\.ptx\2.18.0\core\xsl\utilities\pretext-enhanced-source.xsl
INFO    : successful application of C:\Users\mcalister_e\.ptx\2.18.0\core\xsl\utilities\pretext-enhanced-source.xsl
INFO    : XSL conversion of C:\Users\mcalister_e\Desktop\Pretext_repositories\Math121Fall2025\source\main.ptx by C:\Users\mcalister_e\.ptx\2.18.0\core\xsl\utilities\pretext-enhanced-source.xsl
INFO    : successful application of C:\Users\mcalister_e\.ptx\2.18.0\core\xsl\utilities\pretext-enhanced-source.xsl
INFO    : XSL conversion of C:\Users\mcalister_e\Desktop\Pretext_repositories\Math121Fall2025\source\main.ptx by C:\Users\mcalister_e\.ptx\2.18.0\core\xsl\utilities\pretext-enhanced-source.xsl
INFO    : successful application of C:\Users\mcalister_e\.ptx\2.18.0\core\xsl\utilities\pretext-enhanced-source.xsl
INFO    : XSL conversion of C:\Users\mcalister_e\Desktop\Pretext_repositories\Math121Fall2025\source\main.ptx by C:\Users\mcalister_e\.ptx\2.18.0\core\xsl\utilities\pretext-enhanced-source.xsl
INFO    : successful application of C:\Users\mcalister_e\.ptx\2.18.0\core\xsl\utilities\pretext-enhanced-source.xsl
INFO    : XSL conversion of C:\Users\mcalister_e\Desktop\Pretext_repositories\Math121Fall2025\source\main.ptx by C:\Users\mcalister_e\.ptx\2.18.0\core\xsl\utilities\pretext-enhanced-source.xsl
INFO    : successful application of C:\Users\mcalister_e\.ptx\2.18.0\core\xsl\utilities\pretext-enhanced-source.xsl
INFO    : XSL conversion of C:\Users\mcalister_e\Desktop\Pretext_repositories\Math121Fall2025\source\main.ptx by C:\Users\mcalister_e\.ptx\2.18.0\core\xsl\utilities\pretext-enhanced-source.xsl
INFO    : successful application of C:\Users\mcalister_e\.ptx\2.18.0\core\xsl\utilities\pretext-enhanced-source.xsl
INFO    : Finished generating assets.

INFO    : Preparing to build into C:\Users\mcalister_e\Desktop\Pretext_repositories\Math121Fall2025\output\web.
INFO    : discovering source file's directory name: C:\Users\mcalister_e\Desktop\Pretext_repositories\Math121Fall2025\source
INFO    : verifying and expanding input directory: C:\Users\mcalister_e\Desktop\Pretext_repositories\Math121Fall2025\source\../generated-assets
INFO    : input directory expanded to absolute path: C:\Users\mcalister_e\Desktop\Pretext_repositories\Math121Fall2025\generated-assets
INFO    : verifying and expanding input directory: C:\Users\mcalister_e\Desktop\Pretext_repositories\Math121Fall2025\source\../assets
INFO    : input directory expanded to absolute path: C:\Users\mcalister_e\Desktop\Pretext_repositories\Math121Fall2025\assets
INFO    : XSL conversion of C:\Users\mcalister_e\Desktop\Pretext_repositories\Math121Fall2025\source\main.ptx by C:\Users\mcalister_e\.ptx\2.18.0\core\xsl\utilities\report-publisher-variables.xsl
INFO    : successful application of C:\Users\mcalister_e\.ptx\2.18.0\core\xsl\utilities\report-publisher-variables.xsl
INFO    : Downloading rs services file from https://runestone.academy/cdn/runestone/latest/webpack_static_imports.xml.
INFO    : Runestone Services via online CDN query: version 7.6.5
INFO    : Downloading Runestone Services, version 7.6.5
INFO    : Extracting Runestone Services from archive file
INFO    : Building custom css theme: theme-salem
INFO    : converting C:\Users\mcalister_e\Desktop\Pretext_repositories\Math121Fall2025\source\main.ptx to HTML in C:\Users\MCALIS~1\AppData\Local\Temp\ptx-n6igfpnr
INFO    : XSL conversion of C:\Users\mcalister_e\Desktop\Pretext_repositories\Math121Fall2025\source\main.ptx by C:\Users\mcalister_e\.ptx\2.18.0\core\xsl\pretext-html.xsl
INFO    : messages from the log for XSL processing:
ERROR   : * PTX:ERROR: the @xml:id value "course-materials" should be unique, but is authored multiple times.
INFO    : *            Results will be unpredictable, and likely incorrect.  Information on the locations follows:
INFO    : *              located within: "course-materials" (xml:id), "Course Materials" (title)
INFO    : *              located within: "course-materials" (xml:id), "Course Materials" (title)
ERROR   : * PTX:ERROR: the @xml:id value "description" should be unique, but is authored multiple times.
INFO    : *            Results will be unpredictable, and likely incorrect.  Information on the locations follows:
INFO    : *              located within: "description" (xml:id), "Course Description" (title)
INFO    : *              located within: "description" (xml:id), "Course Description" (title)
ERROR   : * PTX:ERROR: the @xml:id value "feedback" should be unique, but is authored multiple times.
INFO    : *            Results will be unpredictable, and likely incorrect.  Information on the locations follows:
INFO    : *              located within: "feedback" (xml:id), "Feedback and Communication" (title)
INFO    : *              located within: "feedback" (xml:id), "Feedback and Communication" (title)
ERROR   : * PTX:ERROR: the @xml:id value "instructional-format" should be unique, but is authored multiple times.
INFO    : *            Results will be unpredictable, and likely incorrect.  Information on the locations follows:
INFO    : *              located within: "instructional-format" (xml:id), "Instructional Format" (title)
INFO    : *              located within: "instructional-format" (xml:id), "Instructional Format" (title)
ERROR   : * PTX:ERROR: the @xml:id value "missing-class" should be unique, but is authored multiple times.
INFO    : *            Results will be unpredictable, and likely incorrect.  Information on the locations follows:
INFO    : *              located within: "missing-class" (xml:id), "Missing Class" (title)
INFO    : *              located within: "missing-class" (xml:id), "Missing Class" (title)
ERROR   : * PTX:ERROR: the @xml:id value "office-hours" should be unique, but is authored multiple times.
INFO    : *            Results will be unpredictable, and likely incorrect.  Information on the locations follows:
INFO    : *              located within: "office-hours" (xml:id), "Student Office Hours" (title)
INFO    : *              located within: "office-hours" (xml:id), "Student Office Hours" (title)
ERROR   : * PTX:ERROR: the @xml:id value "tech" should be unique, but is authored multiple times.
INFO    : *            Results will be unpredictable, and likely incorrect.  Information on the locations follows:
INFO    : *              located within: "tech" (xml:id), "Technology and Software Requirements" (title)
INFO    : *              located within: "tech" (xml:id), "Technology and Software Requirements" (title)
INFO    : * PTX:INFO:   checking ONLY the last TWO YEARS of element deprecations.
Rerun with the string parameter "author.deprecations.all" set to "yes" to check your source against all deprecations.
INFO    : successful application of C:\Users\mcalister_e\.ptx\2.18.0\core\xsl\pretext-html.xsl
INFO    : Removing temporary directory C:\Users\MCALIS~1\AppData\Local\Temp\ptx-n6igfpnr
INFO    : Removing temporary directory C:\Users\MCALIS~1\AppData\Local\Temp\ptx-vef4tzyf
INFO    : 
Success! Run `pretext view web` to see the results.

INFO    : 
----------------------------------------------------
INFO    : While running pretext, the following errors occurred:

INFO    : (see log messages above or in the 'logs' folder for more information)
INFO    : ----------------------------------------------------
